C51 COMPILER V9.54   KEY                                                                   09/02/2022 22:34:30 PAGE 1   


C51 COMPILER V9.54, COMPILATION OF MODULE KEY
OBJECT MODULE PLACED IN .\Objects\KEY.obj
COMPILER INVOKED BY: D:\ying_yong\keil5\C51\BIN\C51.EXE ..\CODE\KEY.c COMPACT OPTIMIZE(8,SPEED) BROWSE INCDIR(..\INC) DE
                    -BUG OBJECTEXTEND PRINT(.\Listings\KEY.lst) TABS(2) OBJECT(.\Objects\KEY.obj)

line level    source

   1          #include "KEY.h"
   2          #if KEY_
   3          static int whitch_key_down (void);
   4          /**
   5            * @brief          初始化key对象
   6            * @param[in]      key_object：key对象指针
   7            * @retval         NULL
   8            */
   9          void key_init(create_key *key_object)
  10          {
  11   1         key_object->whitch_key_down=whitch_key_down;
  12   1         key_object->key=0;
  13   1      }
  14          /**
  15            * @brief          判断那个按键被按下
  16            * @param[in]      NULL
  17            * @retval         按键标号(2-21)
  18            */
  19          
  20          static int whitch_key_down (void)
  21          {
  22   1        int  KeyValue=0;
  23   1      
  24   1        GPIO_KEY=0xFF;
  25   1        
  26   1        if(GPIO_KEY2==0)
  27   1        {
  28   2           delayms(10);
  29   2           if(GPIO_KEY2==0)
  30   2           {
  31   3             
  32   3              return KEY2;
  33   3           }
  34   2        }
  35   1        if(GPIO_KEY3==0)
  36   1        {
  37   2           delayms(10);
  38   2           if(GPIO_KEY3==0)
  39   2           {
  40   3             
  41   3              return KEY3;
  42   3           }
  43   2        }
  44   1        if(GPIO_KEY4==0)
  45   1        {
  46   2           delayms(10);
  47   2           if(GPIO_KEY4==0)
  48   2           {
  49   3             
  50   3              return KEY4;
  51   3           }
  52   2        }
  53   1        if(GPIO_KEY5==0)
  54   1        {
C51 COMPILER V9.54   KEY                                                                   09/02/2022 22:34:30 PAGE 2   

  55   2           delayms(10);
  56   2           if(GPIO_KEY5==0)
  57   2           {
  58   3            
  59   3              return KEY5;
  60   3           }
  61   2        }
  62   1      #if _C51==1
  63   1          GPIO_KEY=0x0f;
  64   1        if(GPIO_KEY!=0x0f)//读取按键是否按下
  65   1        {
  66   2          delayms(10);//延时10ms进行消抖
  67   2          if(GPIO_KEY!=0x0f)//再次检测键盘是否按下
  68   2          { 
  69   3            //测试列
  70   3            GPIO_KEY=0X0F;
  71   3            switch(GPIO_KEY)
  72   3            {
  73   4              case(0X0e): KeyValue=6;break;
  74   4              case(0X0d): KeyValue=10;break;
  75   4              case(0X0b): KeyValue=14;break;
  76   4              case(0X07): KeyValue=18;break;
  77   4            }
  78   3            //测试行
  79   3            GPIO_KEY=0XF0;
  80   3            switch(GPIO_KEY)
  81   3            {
  82   4              case(0Xe0): KeyValue=KeyValue;break;
  83   4              case(0Xd0): KeyValue=KeyValue+1;break;
  84   4              case(0Xb0): KeyValue=KeyValue+2;break;
  85   4              case(0X70): KeyValue=KeyValue+3;break;
  86   4            }
  87   3            
  88   3          }
  89   2        }
  90   1      #else 
                  GPIO_KEY=0x0f;
                if(GPIO_KEY!=0x0f)//读取按键是否按下
                {
                  delayms(10);//延时10ms进行消抖
                  if(GPIO_KEY!=0x0f)//再次检测键盘是否按下
                  { 
                    //测试列
                    GPIO_KEY=0X0F;
                    switch(GPIO_KEY)
                    {
                      case(0X07): KeyValue=1;break;
                      case(0X0b): KeyValue=2;break;
                      case(0X0d): KeyValue=3;break;
                      case(0X0e): KeyValue=4;break;
                    }
                    //测试行
                    GPIO_KEY=0XF0;
                    switch(GPIO_KEY)
                    {
                      case(0X70): KeyValue=KeyValue;break;
                      case(0Xb0): KeyValue=KeyValue+4;break;
                      case(0Xd0): KeyValue=KeyValue+8;break;
                      case(0Xe0): KeyValue=KeyValue+12;break;
                    }
                    
                  }
C51 COMPILER V9.54   KEY                                                                   09/02/2022 22:34:30 PAGE 3   

                }
              #endif
 119   1        
 120   1        return KeyValue;
 121   1      }
 122          
 123          #endif


MODULE INFORMATION:   STATIC OVERLAYABLE
   CODE SIZE        =    285    ----
   CONSTANT SIZE    =   ----    ----
   XDATA SIZE       =   ----    ----
   PDATA SIZE       =   ----       5
   DATA SIZE        =   ----    ----
   IDATA SIZE       =   ----    ----
   BIT SIZE         =   ----    ----
END OF MODULE INFORMATION.


C51 COMPILATION COMPLETE.  0 WARNING(S),  0 ERROR(S)
