C51 COMPILER V9.54   LED                                                                   09/07/2022 14:42:52 PAGE 1   


C51 COMPILER V9.54, COMPILATION OF MODULE LED
OBJECT MODULE PLACED IN .\Objects\LED.obj
COMPILER INVOKED BY: D:\ying_yong\keil5\C51\BIN\C51.EXE ..\CODE\LED.c OPTIMIZE(8,SPEED) BROWSE INCDIR(..\INC) DEBUG OBJE
                    -CTEXTEND PRINT(.\Listings\LED.lst) TABS(2) OBJECT(.\Objects\LED.obj)

line level    source

   1          #include "LED.h"
   2          #if LED_
   3          static void led_on(int number);
   4          static void led_off(int number);
   5          static void led_flicker(int number,int interval_time)reentrant;
   6          static void leds_flicker(int *arr,int interval_time)reentrant;
   7          static void led_all_off(void);  
   8          
   9          /**
  10            * @brief          初始化led对象
  11            * @param[in]      led_object：led对象指针
  12            * @retval         NULL
  13            */
  14          void led_init(create_led * led_object)
  15          {
  16   1          led_object->led_on=led_on;
  17   1          led_object->led_off=led_off;
  18   1          led_object->led_flicker=led_flicker;
  19   1          led_object->leds_flicker=leds_flicker;
  20   1          led_object->led_all_off=led_all_off;
  21   1          led_all_off();
  22   1           
  23   1      }
  24          /**
  25            * @brief          点亮led
  26            * @param[in]      number：要点亮的led
  27            * @retval         NULL
  28            */
  29          static void led_on(int number)
  30          {
  31   1          switch(number)
  32   1          {
  33   2            case 1:GPIO_1_0=0;break;
  34   2            case 2:GPIO_1_1=0;break;
  35   2            case 3:GPIO_1_2=0;break;
  36   2            case 4:GPIO_1_3=0;break;
  37   2            case 5:GPIO_1_4=0;break;
  38   2            case 6:GPIO_1_5=0;break;
  39   2            case 7:GPIO_1_6=0;break;
  40   2            case 8:GPIO_1_7=0;break;
  41   2          }
  42   1      }
  43          /**
  44            * @brief          关闭led
  45            * @param[in]      number：要关闭的led
  46            * @retval         NULL
  47            */
  48          static void led_off(int number)
  49          {
  50   1          switch(number)
  51   1          {
  52   2            case 1:GPIO_1_0=1;break;
  53   2            case 2:GPIO_1_1=1;break;
  54   2            case 3:GPIO_1_2=1;break;
C51 COMPILER V9.54   LED                                                                   09/07/2022 14:42:52 PAGE 2   

  55   2            case 4:GPIO_1_3=1;break;
  56   2            case 5:GPIO_1_4=1;break;
  57   2            case 6:GPIO_1_5=1;break;
  58   2            case 7:GPIO_1_6=1;break;
  59   2            case 8:GPIO_1_7=1;break;
  60   2          }
  61   1        
  62   1      }
  63            
  64          /**
  65            * @brief          让led闪烁
  66            * @param[in]      number：         要闪烁的led
  67            *                 interval_time:   闪烁时间间隔 
  68            *                 注意使用至少打开一个定时器
  69            * @retval         NULL
  70            */  
  71           static void led_flicker(int number,int interval_time)reentrant
  72          {
  73   1          
  74   1        
  75   1             unsigned int flag=0;
  76   1             if(c51_time.time_out(interval_time))
  77   1             {
  78   2                flag=~flag;
  79   2             }
  80   1           
  81   1             
  82   1             if(flag)
  83   1             {
  84   2                     switch(number)
  85   2                {
  86   3                  case 1:GPIO_1_0=0;break;
  87   3                  case 2:GPIO_1_1=0;break;
  88   3                  case 3:GPIO_1_2=0;break;
  89   3                  case 4:GPIO_1_3=0;break;
  90   3                  case 5:GPIO_1_4=0;break;
  91   3                  case 6:GPIO_1_5=0;break;
  92   3                  case 7:GPIO_1_6=0;break;
  93   3                  case 8:GPIO_1_7=0;break;
  94   3                }
  95   2             }
  96   1             else
  97   1             {
  98   2               
  99   2                switch(number)
 100   2                {
 101   3                  case 1:GPIO_1_0=1;break;
 102   3                  case 2:GPIO_1_1=1;break;
 103   3                  case 3:GPIO_1_2=1;break;
 104   3                  case 4:GPIO_1_3=1;break;
 105   3                  case 5:GPIO_1_4=1;break;
 106   3                  case 6:GPIO_1_5=1;break;
 107   3                  case 7:GPIO_1_6=1;break;
 108   3                  case 8:GPIO_1_7=1;break;
 109   3                }
 110   2             }  
 111   1        
 112   1        }
 113              
 114          
 115              
 116          
C51 COMPILER V9.54   LED                                                                   09/07/2022 14:42:52 PAGE 3   

 117          /**
 118            * @brief          让多个led闪烁
 119            * @param[in]      arr：            要闪烁的led数组（1-8）
 120            *                 interval_time:   闪烁时间间隔 
 121            *                 注意使用至少打开一个定时器
 122            * @retval         NULL
 123            */
 124          static void leds_flicker(int *arr,int interval_time)reentrant
 125          {
 126   1          unsigned char i=0;
 127   1          unsigned char led1=0;
 128   1          unsigned char led2=0;
 129   1          unsigned char led3=0;
 130   1          unsigned char led4=0;
 131   1          unsigned char led5=0;
 132   1          unsigned char led6=0;
 133   1          unsigned char led7=0;
 134   1          unsigned char led8=0;
 135   1          unsigned char flag=0;
 136   1          if(c51_time.time_out(interval_time))
 137   1          {
 138   2                flag=~flag;
 139   2          }
 140   1          for(i=0;i<8;i++)
 141   1          {
 142   2            switch(arr[i])
 143   2            {
 144   3              case LED1:led1++;break;
 145   3              case LED2:led2++;break;
 146   3              case LED3:led3++;break;
 147   3              case LED4:led4++;break;
 148   3              case LED5:led5++;break;
 149   3              case LED6:led6++;break;
 150   3              case LED7:led7++;break;
 151   3              case LED8:led8++;break;
 152   3            
 153   3            }
 154   2          } 
 155   1             if(flag)
 156   1             {
 157   2                  if(led1)
 158   2                  {
 159   3                    GPIO_1_0=0;
 160   3                  }
 161   2                  if(led2)
 162   2                  {
 163   3                    GPIO_1_1=0;
 164   3                  }
 165   2                  if(led3)
 166   2                  {
 167   3                    GPIO_1_2=0;
 168   3                  }
 169   2                  if(led4)
 170   2                  {
 171   3                    GPIO_1_3=0;
 172   3                  }
 173   2                  if(led5)
 174   2                  {
 175   3                    GPIO_1_4=0;
 176   3                  }
 177   2                  if(led6)
 178   2                  {
C51 COMPILER V9.54   LED                                                                   09/07/2022 14:42:52 PAGE 4   

 179   3                    GPIO_1_5=0;
 180   3                  }
 181   2                  if(led7)
 182   2                  {
 183   3                    GPIO_1_6=0;
 184   3                  }
 185   2                  if(led8)
 186   2                  {
 187   3                    GPIO_1_7=0;
 188   3                  }
 189   2             }
 190   1             else
 191   1             {
 192   2                  if(led1)
 193   2                  {
 194   3                    GPIO_1_0=1;
 195   3                  }
 196   2                  if(led2)
 197   2                  {
 198   3                    GPIO_1_1=1;
 199   3                  }
 200   2                  if(led3)
 201   2                  {
 202   3                    GPIO_1_2=1;
 203   3                  }
 204   2                  if(led4)
 205   2                  {
 206   3                    GPIO_1_3=1;
 207   3                  }
 208   2                  if(led5)
 209   2                  {
 210   3                    GPIO_1_4=1;
 211   3                  }
 212   2                  if(led6)
 213   2                  {
 214   3                    GPIO_1_5=1;
 215   3                  }
 216   2                  if(led7)
 217   2                  {
 218   3                    GPIO_1_6=1;
 219   3                  }
 220   2                  if(led8)
 221   2                  {
 222   3                    GPIO_1_7=1;
 223   3                  }
 224   2                
 225   2             }  
 226   1        
 227   1        
 228   1      }
 229          /**
 230            * @brief          关闭所有led
 231            * @param[in]      NULL
 232            * @retval         NULL
 233            */
 234          static void led_all_off(void)
 235          {
 236   1            GPIO_1_0=1;
 237   1            GPIO_1_1=1;
 238   1            GPIO_1_2=1;
 239   1            GPIO_1_3=1;
 240   1            GPIO_1_4=1;
C51 COMPILER V9.54   LED                                                                   09/07/2022 14:42:52 PAGE 5   

 241   1            GPIO_1_5=1;
 242   1            GPIO_1_6=1;
 243   1            GPIO_1_7=1;
 244   1      }
 245          #endif
 246            


MODULE INFORMATION:   STATIC OVERLAYABLE
   CODE SIZE        =   1008    ----
   CONSTANT SIZE    =   ----    ----
   XDATA SIZE       =   ----    ----
   PDATA SIZE       =   ----    ----
   DATA SIZE        =   ----       3
   IDATA SIZE       =   ----    ----
   BIT SIZE         =   ----    ----
END OF MODULE INFORMATION.


C51 COMPILATION COMPLETE.  0 WARNING(S),  0 ERROR(S)
