C51 COMPILER V9.54   MAIN                                                                  09/25/2022 10:25:25 PAGE 1   


C51 COMPILER V9.54, COMPILATION OF MODULE MAIN
OBJECT MODULE PLACED IN .\Objects\main.obj
COMPILER INVOKED BY: D:\ying_yong\keil5\C51\BIN\C51.EXE ..\SRC\main.c COMPACT OPTIMIZE(8,SPEED) BROWSE INCDIR(..\INC) DE
                    -BUG OBJECTEXTEND PRINT(.\Listings\main.lst) TABS(2) OBJECT(.\Objects\main.obj)

line level    source

   1          #include "STC51.h"
   2          #if TIME_
              create_time c51_time;
              #endif
   5          #if KEY_
              create_key c51_key; 
              #endif
   8          #if LED_
              create_led c51_led;
              #endif
  11          #if BEEP_
              create_beep c51_beep;
              #endif
  14          #if SMG_
  15          create_nixie_tube c51_nixie_tube;
  16          
  17          #endif
  18          #if USART
              create_usart c51_usart;
              #endif
  21          
  22          #if LCD1602_
  23          create_lcd c51_lcd1602;
  24          #endif
  25          
  26          #if DS18B20_
              create_temp c51_ds18b20;
              #endif
  29          main()
  30          {
  31   1          
  32   1          
  33   1          #if LED_
                  int arr[8]={LED1,OFF,LED3,OFF,0,0,0,0};
                  led_init(&c51_led);
                  #endif
  37   1          #if KEY_
                  key_init(&c51_key);
                  #endif
  40   1          #if BEEP_
                  beep_init(&c51_beep);
                  #endif
  43   1          #if SMG_
  44   1          nixie_tube_init(&c51_nixie_tube); 
  45   1          #endif
  46   1      #if TIME_ 
                  //打开定时器0   
                  c51_time.time0=TIME0OFF;
                   //10ms一个中断
                  c51_time.time0_ms=50;
                  //关闭定时器1
                  c51_time.time1=TIME1OFF;
                  c51_time.time1_ms=50;
                
C51 COMPILER V9.54   MAIN                                                                  09/25/2022 10:25:25 PAGE 2   

                  c51_time.time_type=0;
                  time_init(&c51_time);
              #endif
  58   1        
  59   1      #if USART
                  //设置波特率为9600
                  c51_usart.baud_rate=9600;
                  usart_init(&c51_usart);
              #endif    
  64   1      
  65   1      #if LCD1602_
  66   1      lcd1602_init(&c51_lcd1602);
  67   1      #endif
  68   1      
  69   1      #if DS18B20_
              temp_init(&c51_ds18b20);
              #endif
  72   1      
  73   1      
  74   1         
  75   1          c51_lcd1602.show_data("I LOVE CHINA!",0x80);
  76   1          c51_lcd1602.show_data("WWW.TXMCU.COM",0x80+0x40);
  77   1          delayms(2000);
  78   1          c51_lcd1602.write_com(0x01);
  79   1          c51_lcd1602.show_data("Hello  everyone!",0x80);
  80   1          c51_lcd1602.show_data("Welcome to here!",0x80+0x40);
  81   1          
  82   1          while(1)
  83   1          {
  84   2            
  85   2          }
  86   1      
  87   1        
  88   1          
  89   1        
  90   1      }
  91          #if USART
              void usart_rx_func_handle (void)
              {
                  unsigned  char  res;
                  RI=0;
                  c51_led.led_on(1);
                  res =SBUF;
                    if((c51_usart.USART_RX_STA&0x8000)==0)//接收未完成
                  {
                    if(c51_usart.USART_RX_STA&0x4000)//接收到了0x0d
                    {
                      if(res!=0x0a)c51_usart.USART_RX_STA=0;//接收错误,重新开始
                      else c51_usart.USART_RX_STA|=0x8000;  //接收完成了 
                    }else //还没收到0X0D
                    { 
                      if(res==0x0d)c51_usart.USART_RX_STA|=0x4000;
                      else
                      {
                        c51_usart.USART_RX_BUF[c51_usart.USART_RX_STA&0X3FFF]=res;
                        c51_usart.USART_RX_STA++;
                        if(c51_usart.USART_RX_STA>(USART_REC_LEN-1))c51_usart.USART_RX_STA=0;//接收数据错误,重新开始接收    
                      }    
                    }
                  }
                       
              }
C51 COMPILER V9.54   MAIN                                                                  09/25/2022 10:25:25 PAGE 3   

              #endif
 118          #if TIME_  
              void time_run_func_handle(void)
              {
                 static int time0_i=0;
                 static int time1_i=0;
                 
                 
              
              
                if(c51_time.time_type==TIME0)
                {
                  
              
                   
              
                  
                
                   time0_i++;
              
                   if(time0_i>20)
                   {
                     time0_i=0;
                   }
                  
                }
                else if(c51_time.time_type==TIME1)
                {
                 
              
                   if(time0_i%50==0)
                   {
                      //c51_led.led_on(2);
                  }
                  else
                  {
                     //c51_led.led_off(2);
                  }
                
                  time1_i++;
              
              
                
                }
                
                
                c51_time.time_type=0;
                
              }
              #endif


MODULE INFORMATION:   STATIC OVERLAYABLE
   CODE SIZE        =    147    ----
   CONSTANT SIZE    =     62    ----
   XDATA SIZE       =   ----    ----
   PDATA SIZE       =     24    ----
   DATA SIZE        =   ----    ----
   IDATA SIZE       =   ----    ----
   BIT SIZE         =   ----    ----
END OF MODULE INFORMATION.


C51 COMPILATION COMPLETE.  0 WARNING(S),  0 ERROR(S)
