C51 COMPILER V9.54   LED                                                                   09/08/2022 11:12:25 PAGE 1   


C51 COMPILER V9.54, COMPILATION OF MODULE LED
OBJECT MODULE PLACED IN .\Objects\LED.obj
COMPILER INVOKED BY: D:\ying_yong\keil5\C51\BIN\C51.EXE ..\CODE\LED.c COMPACT OPTIMIZE(8,SPEED) BROWSE INCDIR(..\INC) DE
                    -BUG OBJECTEXTEND PRINT(.\Listings\LED.lst) TABS(2) OBJECT(.\Objects\LED.obj)

line level    source

   1          #include "LED.h"
   2          #if LED_
   3          static void led_on(int number);
   4          static void led_off(int number);
   5          static void led_flicker(int number,int interval_time,int time)reentrant;
   6          static void leds_flicker(int *arr,int interval_time,int time)reentrant;
   7          static void led_all_off(void);  
   8          
   9          /**
  10            * @brief          初始化led对象
  11            * @param[in]      led_object：led对象指针
  12            * @retval         NULL
  13            */
  14          void led_init(create_led * led_object)
  15          {
  16   1          led_object->led_on=led_on;
  17   1          led_object->led_off=led_off;
  18   1          led_object->led_flicker=led_flicker;
  19   1          led_object->leds_flicker=leds_flicker;
  20   1          led_object->led_all_off=led_all_off;
  21   1          led_all_off();
  22   1           
  23   1      }
  24          /**
  25            * @brief          点亮led
  26            * @param[in]      number：要点亮的led
  27            * @retval         NULL
  28            */
  29          static void led_on(int number)
  30          {
  31   1          switch(number)
  32   1          {
  33   2            case 1:GPIO_1_0=0;break;
  34   2            case 2:GPIO_1_1=0;break;
  35   2            case 3:GPIO_1_2=0;break;
  36   2            case 4:GPIO_1_3=0;break;
  37   2            case 5:GPIO_1_4=0;break;
  38   2            case 6:GPIO_1_5=0;break;
  39   2            case 7:GPIO_1_6=0;break;
  40   2            case 8:GPIO_1_7=0;break;
  41   2          }
  42   1      }
  43          /**
  44            * @brief          关闭led
  45            * @param[in]      number：要关闭的led
  46            * @retval         NULL
  47            */
  48          static void led_off(int number)
  49          {
  50   1          switch(number)
  51   1          {
  52   2            case 1:GPIO_1_0=1;break;
  53   2            case 2:GPIO_1_1=1;break;
  54   2            case 3:GPIO_1_2=1;break;
C51 COMPILER V9.54   LED                                                                   09/08/2022 11:12:25 PAGE 2   

  55   2            case 4:GPIO_1_3=1;break;
  56   2            case 5:GPIO_1_4=1;break;
  57   2            case 6:GPIO_1_5=1;break;
  58   2            case 7:GPIO_1_6=1;break;
  59   2            case 8:GPIO_1_7=1;break;
  60   2          }
  61   1        
  62   1      }
  63            
  64          /**
  65            * @brief          让led闪烁
  66            * @param[in]      number：         要闪烁的led
  67            *                 interval_time:   闪烁时间间隔 
  68            *                 time:            闪烁总时间
  69            *                 注意不要在定时器中断函数内使用
  70            * @retval         NULL
  71            */  
  72           static void led_flicker(int number,int interval_time,int time)reentrant
  73          {
  74   1          int add=0;
  75   1          while(1)
  76   1          {
  77   2        
  78   2             switch(number)
  79   2            {
  80   3              case 1:GPIO_1_0=0;break;
  81   3              case 2:GPIO_1_1=0;break;
  82   3              case 3:GPIO_1_2=0;break;
  83   3              case 4:GPIO_1_3=0;break;
  84   3              case 5:GPIO_1_4=0;break;
  85   3              case 6:GPIO_1_5=0;break;
  86   3              case 7:GPIO_1_6=0;break;
  87   3              case 8:GPIO_1_7=0;break;
  88   3            }
  89   2      
  90   2            delayms(interval_time);
  91   2      
  92   2            switch(number)
  93   2            {
  94   3              case 1:GPIO_1_0=1;break;
  95   3              case 2:GPIO_1_1=1;break;
  96   3              case 3:GPIO_1_2=1;break;
  97   3              case 4:GPIO_1_3=1;break;
  98   3              case 5:GPIO_1_4=1;break;
  99   3              case 6:GPIO_1_5=1;break;
 100   3              case 7:GPIO_1_6=1;break;
 101   3              case 8:GPIO_1_7=1;break;
 102   3            }
 103   2      
 104   2            delayms(interval_time);
 105   2            add++;
 106   2            if(interval_time*add>=time&&time!=0)
 107   2            {
 108   3              break;
 109   3            }
 110   2        }
 111   1          
 112   1      
 113   1          
 114   1      }
 115          /**
 116            * @brief          让多个led闪烁
C51 COMPILER V9.54   LED                                                                   09/08/2022 11:12:25 PAGE 3   

 117            * @param[in]      arr：            要闪烁的led数组（1-8）
 118            *                 interval_time:   闪烁时间间隔 
 119            *                 time:            闪烁总时间
 120            *                 注意不要在定时器中断函数内使用
 121            * @retval         NULL
 122            */
 123          static void leds_flicker(int *arr,int interval_time,int time)reentrant
 124          {
 125   1          int i=0;
 126   1          int add=0;
 127   1          int led1=0;
 128   1          int led2=0;
 129   1          int led3=0;
 130   1          int led4=0;
 131   1          int led5=0;
 132   1          int led6=0;
 133   1          int led7=0;
 134   1          int led8=0;
 135   1      
 136   1          for(i=0;i<8;i++)
 137   1          {
 138   2            switch(arr[i])
 139   2            {
 140   3              case LED1:led1++;break;
 141   3              case LED2:led2++;break;
 142   3              case LED3:led3++;break;
 143   3              case LED4:led4++;break;
 144   3              case LED5:led5++;break;
 145   3              case LED6:led6++;break;
 146   3              case LED7:led7++;break;
 147   3              case LED8:led8++;break;
 148   3            
 149   3            }
 150   2          } 
 151   1          while(1)
 152   1          {
 153   2            if(led1)
 154   2            {
 155   3              GPIO_1_0=0;
 156   3            }
 157   2            if(led2)
 158   2            {
 159   3              GPIO_1_1=0;
 160   3            }
 161   2            if(led3)
 162   2            {
 163   3              GPIO_1_2=0;
 164   3            }
 165   2            if(led4)
 166   2            {
 167   3              GPIO_1_3=0;
 168   3            }
 169   2            if(led5)
 170   2            {
 171   3              GPIO_1_4=0;
 172   3            }
 173   2            if(led6)
 174   2            {
 175   3              GPIO_1_5=0;
 176   3            }
 177   2            if(led7)
 178   2            {
C51 COMPILER V9.54   LED                                                                   09/08/2022 11:12:25 PAGE 4   

 179   3              GPIO_1_6=0;
 180   3            }
 181   2            if(led8)
 182   2            {
 183   3              GPIO_1_7=0;
 184   3            }
 185   2            delayms(interval_time);
 186   2              if(led1)
 187   2            {
 188   3              GPIO_1_0=1;
 189   3            }
 190   2            if(led2)
 191   2            {
 192   3              GPIO_1_1=1;
 193   3            }
 194   2            if(led3)
 195   2            {
 196   3              GPIO_1_2=1;
 197   3            }
 198   2            if(led4)
 199   2            {
 200   3              GPIO_1_3=1;
 201   3            }
 202   2            if(led5)
 203   2            {
 204   3              GPIO_1_4=1;
 205   3            }
 206   2            if(led6)
 207   2            {
 208   3              GPIO_1_5=1;
 209   3            }
 210   2            if(led7)
 211   2            {
 212   3              GPIO_1_6=1;
 213   3            }
 214   2            if(led8)
 215   2            {
 216   3              GPIO_1_7=1;
 217   3            }
 218   2            delayms(interval_time);
 219   2            add=add+1;
 220   2            if(interval_time*add>=time&&time!=0)
 221   2            {
 222   3              break;
 223   3            }
 224   2        }
 225   1        
 226   1      }
 227          /**
 228            * @brief          关闭所有led
 229            * @param[in]      NULL
 230            * @retval         NULL
 231            */
 232          static void led_all_off(void)
 233          {
 234   1            GPIO_1_0=1;
 235   1            GPIO_1_1=1;
 236   1            GPIO_1_2=1;
 237   1            GPIO_1_3=1;
 238   1            GPIO_1_4=1;
 239   1            GPIO_1_5=1;
 240   1            GPIO_1_6=1;
C51 COMPILER V9.54   LED                                                                   09/08/2022 11:12:25 PAGE 5   

 241   1            GPIO_1_7=1;
 242   1      }
 243          #endif
 244            


MODULE INFORMATION:   STATIC OVERLAYABLE
   CODE SIZE        =   1257    ----
   CONSTANT SIZE    =   ----    ----
   XDATA SIZE       =   ----    ----
   PDATA SIZE       =   ----       3
   DATA SIZE        =   ----    ----
   IDATA SIZE       =   ----    ----
   BIT SIZE         =   ----    ----
END OF MODULE INFORMATION.


C51 COMPILATION COMPLETE.  0 WARNING(S),  0 ERROR(S)
